c:\users\administrator\desktop\cstudy_0610\helloworld\x64\debug\vc143.pdb
c:\users\administrator\desktop\cstudy_0610\helloworld\x64\debug\vc143.idb
c:\users\administrator\desktop\cstudy_0610\helloworld\x64\debug\메인.obj
c:\users\administrator\desktop\cstudy_0610\helloworld\x64\debug\lecture2.obj
c:\users\administrator\desktop\cstudy_0610\helloworld\x64\debug\lecture1.obj
c:\users\administrator\desktop\cstudy_0610\helloworld\x64\debug\lecture4.obj
c:\users\administrator\desktop\cstudy_0610\helloworld\x64\debug\lecture5.obj
c:\users\administrator\desktop\cstudy_0610\helloworld\x64\debug\lecture3.obj
c:\users\administrator\desktop\cstudy_0610\helloworld\x64\debug\lecture6.obj
c:\users\administrator\desktop\cstudy_0610\helloworld\x64\debug\4강_이스케이프.obj
c:\users\administrator\desktop\cstudy_0610\helloworld\x64\debug\4강_입력.obj
c:\users\administrator\desktop\cstudy_0610\helloworld\x64\debug\hello.obj
c:\users\administrator\desktop\cstudy_0610\helloworld\x64\debug\new game.obj
c:\users\administrator\desktop\cstudy_0610\helloworld\x64\debug\변수.obj
c:\users\administrator\desktop\cstudy_0610\helloworld\x64\debug\이스케이프.obj
c:\users\administrator\desktop\cstudy_0610\helloworld\x64\debug\컴파일러.obj
c:\users\administrator\desktop\cstudy_0610\helloworld\x64\debug\helloworld.pdb
c:\users\administrator\desktop\cstudy_0610\helloworld\x64\debug\helloworld.tlog\cl.command.1.tlog
c:\users\administrator\desktop\cstudy_0610\helloworld\x64\debug\helloworld.tlog\cl.items.tlog
c:\users\administrator\desktop\cstudy_0610\helloworld\x64\debug\helloworld.tlog\cl.read.1.tlog
c:\users\administrator\desktop\cstudy_0610\helloworld\x64\debug\helloworld.tlog\cl.write.1.tlog
c:\users\administrator\desktop\cstudy_0610\helloworld\x64\debug\helloworld.tlog\link-cvtres.read.1.tlog
c:\users\administrator\desktop\cstudy_0610\helloworld\x64\debug\helloworld.tlog\link-cvtres.write.1.tlog
c:\users\administrator\desktop\cstudy_0610\helloworld\x64\debug\helloworld.tlog\link-rc.read.1.tlog
c:\users\administrator\desktop\cstudy_0610\helloworld\x64\debug\helloworld.tlog\link-rc.write.1.tlog
c:\users\administrator\desktop\cstudy_0610\helloworld\x64\debug\helloworld.tlog\link.8640-cvtres.read.1.tlog
c:\users\administrator\desktop\cstudy_0610\helloworld\x64\debug\helloworld.tlog\link.8640-cvtres.write.1.tlog
c:\users\administrator\desktop\cstudy_0610\helloworld\x64\debug\helloworld.tlog\link.8640-rc.read.1.tlog
c:\users\administrator\desktop\cstudy_0610\helloworld\x64\debug\helloworld.tlog\link.8640-rc.write.1.tlog
c:\users\administrator\desktop\cstudy_0610\helloworld\x64\debug\helloworld.tlog\link.8640.read.1.tlog
c:\users\administrator\desktop\cstudy_0610\helloworld\x64\debug\helloworld.tlog\link.8640.read.2.tlog
c:\users\administrator\desktop\cstudy_0610\helloworld\x64\debug\helloworld.tlog\link.8640.read.3.tlog
c:\users\administrator\desktop\cstudy_0610\helloworld\x64\debug\helloworld.tlog\link.8640.read.4.tlog
c:\users\administrator\desktop\cstudy_0610\helloworld\x64\debug\helloworld.tlog\link.8640.write.1.tlog
c:\users\administrator\desktop\cstudy_0610\helloworld\x64\debug\helloworld.tlog\link.command.1.tlog
c:\users\administrator\desktop\cstudy_0610\helloworld\x64\debug\helloworld.tlog\link.read.1.tlog
c:\users\administrator\desktop\cstudy_0610\helloworld\x64\debug\helloworld.tlog\link.read.2.tlog
c:\users\administrator\desktop\cstudy_0610\helloworld\x64\debug\helloworld.tlog\link.read.3.tlog
c:\users\administrator\desktop\cstudy_0610\helloworld\x64\debug\helloworld.tlog\link.read.4.tlog
c:\users\administrator\desktop\cstudy_0610\helloworld\x64\debug\helloworld.tlog\link.read.5.tlog
c:\users\administrator\desktop\cstudy_0610\helloworld\x64\debug\helloworld.tlog\link.write.1.tlog
