  lecture10.c
  lecture1.c
  lecture2.c
C:\Users\dongy\OneDrive\바탕 화면\Cstudy_0610\HelloWorld\lecture10.c(52,21): warning C4244: '초기화 중': 'double'에서 'int'(으)로 변환하면서 데이터가 손실될 수 있습니다.
C:\Users\dongy\OneDrive\바탕 화면\Cstudy_0610\HelloWorld\lecture10.c(56,13): warning C4244: '초기화 중': 'double'에서 'int'(으)로 변환하면서 데이터가 손실될 수 있습니다.
  lecture3.c
C:\Users\dongy\OneDrive\바탕 화면\Cstudy_0610\HelloWorld\lecture3.c(52,34): warning C4244: '초기화 중': 'int'에서 'float'(으)로 변환하면서 데이터가 손실될 수 있습니다.
  lecture4.c
C:\Users\dongy\OneDrive\바탕 화면\Cstudy_0610\HelloWorld\lecture4.c(75,6): warning C4101: 'Num' :참조되지 않은 지역 변수입니다.
  lecture5.c
  lecture6.c
C:\Users\dongy\OneDrive\바탕 화면\Cstudy_0610\HelloWorld\lecture6.c(72,6): warning C4305: '=': 'int'에서 'char'(으)로 잘립니다.
  lecture7.c
C:\Users\dongy\OneDrive\바탕 화면\Cstudy_0610\HelloWorld\lecture7.c(70,8): warning C4305: '=': 'int'에서 'char'(으)로 잘립니다.
C:\Users\dongy\OneDrive\바탕 화면\Cstudy_0610\HelloWorld\lecture7.c(35,25): warning C4305: '초기화 중': 'int'에서 'char'(으)로 잘립니다.
  lecture8.c
C:\Users\dongy\OneDrive\바탕 화면\Cstudy_0610\HelloWorld\lecture8.c(112,12): warning C4305: '+=': 'double'에서 'float'(으)로 잘립니다.
C:\Users\dongy\OneDrive\바탕 화면\Cstudy_0610\HelloWorld\lecture8.c(154,18): warning C4552: '<<': 식의 결과가 사용되지 않습니다.
C:\Users\dongy\OneDrive\바탕 화면\Cstudy_0610\HelloWorld\lecture8.c(159,18): warning C4552: '<<': 식의 결과가 사용되지 않습니다.
  lecture9.c
C:\Users\dongy\OneDrive\바탕 화면\Cstudy_0610\HelloWorld\lecture9.c(135,9): warning C4477: 'printf' : 서식 문자열 '%d'에 'int' 형식의 인수가 필요하지만 variadic 인수 1의 형식이 'size_t'입니다.
C:\Users\dongy\OneDrive\바탕 화면\Cstudy_0610\HelloWorld\lecture9.c(137,9): warning C4477: 'printf' : 서식 문자열 '%d'에 'int' 형식의 인수가 필요하지만 variadic 인수 1의 형식이 'size_t'입니다.
C:\Users\dongy\OneDrive\바탕 화면\Cstudy_0610\HelloWorld\lecture9.c(139,9): warning C4477: 'printf' : 서식 문자열 '%d'에 'int' 형식의 인수가 필요하지만 variadic 인수 1의 형식이 'size_t'입니다.
C:\Users\dongy\OneDrive\바탕 화면\Cstudy_0610\HelloWorld\lecture9.c(141,9): warning C4477: 'printf' : 서식 문자열 '%d'에 'int' 형식의 인수가 필요하지만 variadic 인수 1의 형식이 'size_t'입니다.
C:\Users\dongy\OneDrive\바탕 화면\Cstudy_0610\HelloWorld\lecture9.c(143,9): warning C4477: 'printf' : 서식 문자열 '%d'에 'int' 형식의 인수가 필요하지만 variadic 인수 1의 형식이 'size_t'입니다.
C:\Users\dongy\OneDrive\바탕 화면\Cstudy_0610\HelloWorld\lecture9.c(145,9): warning C4477: 'printf' : 서식 문자열 '%d'에 'int' 형식의 인수가 필요하지만 variadic 인수 1의 형식이 'size_t'입니다.
C:\Users\dongy\OneDrive\바탕 화면\Cstudy_0610\HelloWorld\lecture9.c(147,9): warning C4477: 'printf' : 서식 문자열 '%d'에 'int' 형식의 인수가 필요하지만 variadic 인수 1의 형식이 'size_t'입니다.
C:\Users\dongy\OneDrive\바탕 화면\Cstudy_0610\HelloWorld\lecture9.c(149,9): warning C4477: 'printf' : 서식 문자열 '%d'에 'int' 형식의 인수가 필요하지만 variadic 인수 1의 형식이 'size_t'입니다.
C:\Users\dongy\OneDrive\바탕 화면\Cstudy_0610\HelloWorld\lecture9.c(191,29): warning C4244: '=': 'const float'에서 'int'(으)로 변환하면서 데이터가 손실될 수 있습니다.
C:\Users\dongy\OneDrive\바탕 화면\Cstudy_0610\HelloWorld\lecture9.c(186,19): warning C4305: '초기화 중': 'double'에서 'const float'(으)로 잘립니다.
  main.c
  메인.c
  코드를 생성하고 있습니다...
  LINK : C:\Users\dongy\OneDrive\바탕 화면\Cstudy_0610\HelloWorld\x64\Debug\HelloWorld.exe을(를) 찾을 수 없거나 마지막 증분 링크에 의해 빌드되지 않았습니다. 전체 링크를 수행하고 있습니다.
  HelloWorld.vcxproj -> C:\Users\dongy\OneDrive\바탕 화면\Cstudy_0610\HelloWorld\x64\Debug\HelloWorld.exe
