  Console.c
C:\Users\dongy\OneDrive\바탕 화면\Cstudy_0610\Avoid_Star\Console.c(51,25): error C2143: 구문 오류: ')'이(가) '*' 앞에 없습니다.
C:\Users\dongy\OneDrive\바탕 화면\Cstudy_0610\Avoid_Star\Console.c(51,25): error C2143: 구문 오류: '{'이(가) '*' 앞에 없습니다.
C:\Users\dongy\OneDrive\바탕 화면\Cstudy_0610\Avoid_Star\Console.c(51,36): error C2059: 구문 오류: '형식'
C:\Users\dongy\OneDrive\바탕 화면\Cstudy_0610\Avoid_Star\Console.c(51,45): error C2059: 구문 오류: ')'
C:\Users\dongy\OneDrive\바탕 화면\Cstudy_0610\Avoid_Star\Console.c(57,36): error C2065: 'TOYROWS': 선언되지 않은 식별자입니다.
C:\Users\dongy\OneDrive\바탕 화면\Cstudy_0610\Avoid_Star\Console.c(57,36): error C2057: 상수 식이 필요합니다.
C:\Users\dongy\OneDrive\바탕 화면\Cstudy_0610\Avoid_Star\Console.c(57,36): error C2466: 상수 크기 0의 배열을 할당할 수 없습니다.
C:\Users\dongy\OneDrive\바탕 화면\Cstudy_0610\Avoid_Star\Console.c(59,22): error C2065: 'TOYCOLS': 선언되지 않은 식별자입니다.
C:\Users\dongy\OneDrive\바탕 화면\Cstudy_0610\Avoid_Star\Console.c(61,23): error C2065: 'TOYROWS': 선언되지 않은 식별자입니다.
C:\Users\dongy\OneDrive\바탕 화면\Cstudy_0610\Avoid_Star\Console.c(67,22): error C2065: 'TOYCOLS': 선언되지 않은 식별자입니다.
C:\Users\dongy\OneDrive\바탕 화면\Cstudy_0610\Avoid_Star\Console.c(70,10): error C2065: 'TOYCOLS': 선언되지 않은 식별자입니다.
C:\Users\dongy\OneDrive\바탕 화면\Cstudy_0610\Avoid_Star\Console.c(73,22): error C2065: 'TOYROWS': 선언되지 않은 식별자입니다.
C:\Users\dongy\OneDrive\바탕 화면\Cstudy_0610\Avoid_Star\Console.c(76,7): error C2065: 'TOYROWS': 선언되지 않은 식별자입니다.
C:\Users\dongy\OneDrive\바탕 화면\Cstudy_0610\Avoid_Star\Console.c(63,4): error C2036: 'char (*)[0]': 알 수 없는 크기입니다.
C:\Users\dongy\OneDrive\바탕 화면\Cstudy_0610\Avoid_Star\Console.c(69,3): error C2036: 'char (*)[0]': 알 수 없는 크기입니다.
C:\Users\dongy\OneDrive\바탕 화면\Cstudy_0610\Avoid_Star\Console.c(70,3): error C2036: 'char (*)[0]': 알 수 없는 크기입니다.
C:\Users\dongy\OneDrive\바탕 화면\Cstudy_0610\Avoid_Star\Console.c(75,3): error C2036: 'char (*)[0]': 알 수 없는 크기입니다.
C:\Users\dongy\OneDrive\바탕 화면\Cstudy_0610\Avoid_Star\Console.c(76,3): error C2036: 'char (*)[0]': 알 수 없는 크기입니다.
C:\Users\dongy\OneDrive\바탕 화면\Cstudy_0610\Avoid_Star\Console.c(84,22): error C2065: 'TOYCOLS': 선언되지 않은 식별자입니다.
C:\Users\dongy\OneDrive\바탕 화면\Cstudy_0610\Avoid_Star\Console.c(86,23): error C2065: 'TOYROWS': 선언되지 않은 식별자입니다.
C:\Users\dongy\OneDrive\바탕 화면\Cstudy_0610\Avoid_Star\Console.c(88,4): error C2065: 'toymapString': 선언되지 않은 식별자입니다.
C:\Users\dongy\OneDrive\바탕 화면\Cstudy_0610\Avoid_Star\Console.c(88,16): error C2109: 첨자는 배열 또는 포인터 형식을 사용해야 합니다.
C:\Users\dongy\OneDrive\바탕 화면\Cstudy_0610\Avoid_Star\Console.c(88,31): error C2065: 'toymap': 선언되지 않은 식별자입니다.
C:\Users\dongy\OneDrive\바탕 화면\Cstudy_0610\Avoid_Star\Console.c(88,37): error C2109: 첨자는 배열 또는 포인터 형식을 사용해야 합니다.
C:\Users\dongy\OneDrive\바탕 화면\Cstudy_0610\Avoid_Star\Console.c(91,3): error C2065: 'toymapString': 선언되지 않은 식별자입니다.
C:\Users\dongy\OneDrive\바탕 화면\Cstudy_0610\Avoid_Star\Console.c(91,15): error C2109: 첨자는 배열 또는 포인터 형식을 사용해야 합니다.
C:\Users\dongy\OneDrive\바탕 화면\Cstudy_0610\Avoid_Star\Console.c(93,2): error C2065: 'toymapString': 선언되지 않은 식별자입니다.
C:\Users\dongy\OneDrive\바탕 화면\Cstudy_0610\Avoid_Star\Console.c(93,14): error C2109: 첨자는 배열 또는 포인터 형식을 사용해야 합니다.
C:\Users\dongy\OneDrive\바탕 화면\Cstudy_0610\Avoid_Star\Console.c(135,2): error C2065: 'bool': 선언되지 않은 식별자입니다.
C:\Users\dongy\OneDrive\바탕 화면\Cstudy_0610\Avoid_Star\Console.c(135,7): error C2146: 구문 오류: ';'이(가) 'bullet' 식별자 앞에 없습니다.
C:\Users\dongy\OneDrive\바탕 화면\Cstudy_0610\Avoid_Star\Console.c(135,7): error C2065: 'bullet': 선언되지 않은 식별자입니다.
C:\Users\dongy\OneDrive\바탕 화면\Cstudy_0610\Avoid_Star\Console.c(135,16): error C2065: 'false': 선언되지 않은 식별자입니다.
C:\Users\dongy\OneDrive\바탕 화면\Cstudy_0610\Avoid_Star\Console.c(138,8): error C2065: 'bullet': 선언되지 않은 식별자입니다.
C:\Users\dongy\OneDrive\바탕 화면\Cstudy_0610\Avoid_Star\Console.c(142,4): error C2065: 'bullet': 선언되지 않은 식별자입니다.
C:\Users\dongy\OneDrive\바탕 화면\Cstudy_0610\Avoid_Star\Console.c(142,13): error C2065: 'true': 선언되지 않은 식별자입니다.
C:\Users\dongy\OneDrive\바탕 화면\Cstudy_0610\Avoid_Star\Console.c(144,7): error C2065: 'bullet': 선언되지 않은 식별자입니다.
C:\Users\dongy\OneDrive\바탕 화면\Cstudy_0610\Avoid_Star\Console.c(149,8): error C2065: 'bullet': 선언되지 않은 식별자입니다.
C:\Users\dongy\OneDrive\바탕 화면\Cstudy_0610\Avoid_Star\Console.c(151,5): error C2065: 'bullet': 선언되지 않은 식별자입니다.
C:\Users\dongy\OneDrive\바탕 화면\Cstudy_0610\Avoid_Star\Console.c(151,14): error C2065: 'false': 선언되지 않은 식별자입니다.
C:\Users\dongy\OneDrive\바탕 화면\Cstudy_0610\Avoid_Star\Console.c(186,15): error C2065: 'toymap': 선언되지 않은 식별자입니다.
C:\Users\dongy\OneDrive\바탕 화면\Cstudy_0610\Avoid_Star\Console.c(186,15): warning C4047: '함수': 'char (*)[0]'의 간접 참조 수준이 'int'과(와) 다릅니다.
C:\Users\dongy\OneDrive\바탕 화면\Cstudy_0610\Avoid_Star\Console.c(186,15): warning C4024: 'MakeMap': 형식 및 실제 매개 변수 2의 형식이 서로 다릅니다.
C:\Users\dongy\OneDrive\바탕 화면\Cstudy_0610\Avoid_Star\Console.c(191,23): error C2065: 'toymapString': 선언되지 않은 식별자입니다.
C:\Users\dongy\OneDrive\바탕 화면\Cstudy_0610\Avoid_Star\Console.c(191,23): warning C4047: '함수': 'char *'의 간접 참조 수준이 'int'과(와) 다릅니다.
C:\Users\dongy\OneDrive\바탕 화면\Cstudy_0610\Avoid_Star\Console.c(191,23): warning C4024: 'GoToTargetPos': 형식 및 실제 매개 변수 3의 형식이 서로 다릅니다.
